
Started Import Process
# System Details: 
Debug Mode 		: Disabled
Operating System 	: WINNT
Software 		: Apache/2.4.54 (Win64) OpenSSL/1.1.1q mod_fcgid/2.3.10-dev
MySQL version 		: 8.0.30
XML Reader 		: Yes
PHP Version 		: 8.3.23
PHP Max Input Vars 	: 10000
PHP Max Post Size 	: 2G
PHP Extension GD 	: Yes
PHP Max Execution Time 	: 36000
Max Upload Size 	: 2 GB
Memory Limit 		: Current memory limit 40M. We recommend setting memory to at least 64M.
Timezone 		: 0

-----

Importing Started! - 05:39:45 UTC
---

WHY IMPORT PROCESS CAN FAIL? READ THIS - 
https://wpastra.com/docs/?p=1314&utm_source=demo-import-panel&utm_campaign=import-error&utm_medium=wp-dashboard

---

Started Import Process
# System Details: 
Debug Mode 		: Disabled
Operating System 	: WINNT
Software 		: Apache/2.4.54 (Win64) OpenSSL/1.1.1q mod_fcgid/2.3.10-dev
MySQL version 		: 8.0.30
XML Reader 		: Yes
PHP Version 		: 8.3.23
PHP Max Input Vars 	: 10000
PHP Max Post Size 	: 2G
PHP Extension GD 	: Yes
PHP Max Execution Time 	: 36000
Max Upload Size 	: 2 GB
Memory Limit 		: Current memory limit 40M. We recommend setting memory to at least 64M.
Timezone 		: 0

-----

Importing Started! - 08:17:54 UTC
---

WHY IMPORT PROCESS CAN FAIL? READ THIS - 
https://wpastra.com/docs/?p=1314&utm_source=demo-import-panel&utm_campaign=import-error&utm_medium=wp-dashboard

---

Started Import Process
# System Details: 
Debug Mode 		: Disabled
Operating System 	: WINNT
Software 		: Apache/2.4.54 (Win64) OpenSSL/1.1.1q mod_fcgid/2.3.10-dev
MySQL version 		: 8.0.30
XML Reader 		: Yes
PHP Version 		: 8.3.23
PHP Max Input Vars 	: 10000
PHP Max Post Size 	: 2G
PHP Extension GD 	: Yes
PHP Max Execution Time 	: 36000
Max Upload Size 	: 2 GB
Memory Limit 		: Current memory limit 40M. We recommend setting memory to at least 64M.
Timezone 		: 0

-----

Importing Started! - 08:41:49 UTC
---

WHY IMPORT PROCESS CAN FAIL? READ THIS - 
https://wpastra.com/docs/?p=1314&utm_source=demo-import-panel&utm_campaign=import-error&utm_medium=wp-dashboard

---
